<?xml version="1.0" encoding="UTF-8"?>
<testsuite name="testing.BookCreatorTest" tests="1" skipped="0" failures="0" errors="0" timestamp="2017-10-29T09:16:20" hostname="Simple-and-Nice" time="0.071">
  <properties/>
  <testcase name="initializeBook" classname="testing.BookCreatorTest" time="0.071"/>
  <system-out><![CDATA[initializeBook has executed.
Used memory in megabytes: 3,098640 
The runtime of method initializeBook() is 63 ms

]]></system-out>
  <system-err><![CDATA[]]></system-err>
</testsuite>
