<?xml version="1.0" encoding="UTF-8"?>
<testsuite name="testing.GsonMappingTest" tests="2" skipped="0" failures="0" errors="0" timestamp="2017-10-29T09:16:20" hostname="Simple-and-Nice" time="0.628">
  <properties/>
  <testcase name="convertFromJSON" classname="testing.GsonMappingTest" time="0.477"/>
  <testcase name="convertToJSON" classname="testing.GsonMappingTest" time="0.033"/>
  <system-out><![CDATA[initializeBook has executed.
Used memory in megabytes: 2,152809 
The runtime of method initializeBook() is 60 ms

initializeBook has executed.
Used memory in megabytes: 2,151016 
The runtime of method initializeBook() is 64 ms

BOOK TITLE: War and Peace
BOOK GENRE: Novel
AUTHOR NAME: Leo Tolstoy
YEAR OF PUBLISHING: 1867

BOOK TITLE: Harry Potter and the Philosopher's Stone
BOOK GENRE: Fantasy
AUTHOR NAME: J. K. Rowling
YEAR OF PUBLISHING: 1997

BOOK TITLE: Unknown
BOOK GENRE: Unknown
AUTHOR NAME: Unknown
YEAR OF PUBLISHING: 0

createBooks has executed.
Used memory in megabytes: 2,147774 
The runtime of method createBooks() is 182 ms

GOOGLE GSON SERIALIZATION
BOOK #1
{"title":"War and Peace","genre":"Novel","authorName":"Leo Tolstoy","year":1867}
BOOK #2
{"title":"Harry Potter and the Philosopher\u0027s Stone","genre":"Fantasy","authorName":"J. K. Rowling","year":1997}
BOOK #3
{"title":"Unknown","genre":"Unknown","authorName":"Unknown","year":0}

convertToJSON has executed.
Used memory in megabytes: 2,955124 
The runtime of method convertToJSON() is 408 ms

GOOGLE GSON SERIALIZATION
BOOK #1
{"title":"War and Peace","genre":"Novel","authorName":"Leo Tolstoy","year":1867}
BOOK #2
{"title":"Harry Potter and the Philosopher\u0027s Stone","genre":"Fantasy","authorName":"J. K. Rowling","year":1997}
BOOK #3
{"title":"Unknown","genre":"Unknown","authorName":"Unknown","year":0}

convertToJSON has executed.
Used memory in megabytes: 2,244637 
The runtime of method convertToJSON() is 40 ms

GOOGLE GSON DESERIALIZATION

convertFromJSON has executed.
Used memory in megabytes: 2,257164 
The runtime of method convertFromJSON() is 22 ms

initializeBook has executed.
Used memory in megabytes: 2,578308 
The runtime of method initializeBook() is 17 ms

initializeBook has executed.
Used memory in megabytes: 2,247734 
The runtime of method initializeBook() is 64 ms

BOOK TITLE: War and Peace
BOOK GENRE: Novel
AUTHOR NAME: Leo Tolstoy
YEAR OF PUBLISHING: 1867

BOOK TITLE: Harry Potter and the Philosopher's Stone
BOOK GENRE: Fantasy
AUTHOR NAME: J. K. Rowling
YEAR OF PUBLISHING: 1997

BOOK TITLE: Unknown
BOOK GENRE: Unknown
AUTHOR NAME: Unknown
YEAR OF PUBLISHING: 0

createBooks has executed.
Used memory in megabytes: 2,248123 
The runtime of method createBooks() is 118 ms

GOOGLE GSON SERIALIZATION
BOOK #1
{"title":"War and Peace","genre":"Novel","authorName":"Leo Tolstoy","year":1867}
BOOK #2
{"title":"Harry Potter and the Philosopher\u0027s Stone","genre":"Fantasy","authorName":"J. K. Rowling","year":1997}
BOOK #3
{"title":"Unknown","genre":"Unknown","authorName":"Unknown","year":0}

convertToJSON has executed.
Used memory in megabytes: 2,251213 
The runtime of method convertToJSON() is 33 ms

]]></system-out>
  <system-err><![CDATA[]]></system-err>
</testsuite>
