<?xml version="1.0" encoding="UTF-8"?>
<testsuite name="testing.GsonMappingTest" tests="2" skipped="0" failures="0" errors="0" timestamp="2017-10-29T08:27:25" hostname="Simple-and-Nice" time="0.711">
  <properties/>
  <testcase name="convertFromJSON" classname="testing.GsonMappingTest" time="0.363"/>
  <testcase name="convertToJSON" classname="testing.GsonMappingTest" time="0.035"/>
  <system-out><![CDATA[initializeBook has executed.
Used memory in megabytes: 2,570671 
The runtime of method initializeBook() is 280 ms

initializeBook has executed.
Used memory in megabytes: 2,469101 
The runtime of method initializeBook() is 33 ms

BOOK TITLE: War and Peace
BOOK GENRE: Novel
AUTHOR NAME: Leo Tolstoy
YEAR OF PUBLISHING: 1867

BOOK TITLE: Harry Potter and the Philosopher's Stone
BOOK GENRE: Fantasy
AUTHOR NAME: J. K. Rowling
YEAR OF PUBLISHING: 1997

BOOK TITLE: Unknown
BOOK GENRE: Unknown
AUTHOR NAME: Unknown
YEAR OF PUBLISHING: 0

createBooks has executed.
Used memory in megabytes: 2,473763 
The runtime of method createBooks() is 370 ms

GOOGLE GSON SERIALIZATION
BOOK #1
{"title":"War and Peace","genre":"Novel","authorName":"Leo Tolstoy","year":1867}
BOOK #2
{"title":"Harry Potter and the Philosopher\u0027s Stone","genre":"Fantasy","authorName":"J. K. Rowling","year":1997}
BOOK #3
{"title":"Unknown","genre":"Unknown","authorName":"Unknown","year":0}

convertToJSON has executed.
Used memory in megabytes: 2,625870 
The runtime of method convertToJSON() is 259 ms

GOOGLE GSON SERIALIZATION
BOOK #1
{"title":"War and Peace","genre":"Novel","authorName":"Leo Tolstoy","year":1867}
BOOK #2
{"title":"Harry Potter and the Philosopher\u0027s Stone","genre":"Fantasy","authorName":"J. K. Rowling","year":1997}
BOOK #3
{"title":"Unknown","genre":"Unknown","authorName":"Unknown","year":0}

convertToJSON has executed.
Used memory in megabytes: 2,954056 
The runtime of method convertToJSON() is 39 ms

GOOGLE GSON DESERIALIZATION

convertFromJSON has executed.
Used memory in megabytes: 2,965355 
The runtime of method convertFromJSON() is 61 ms

initializeBook has executed.
Used memory in megabytes: 2,960991 
The runtime of method initializeBook() is 52 ms

initializeBook has executed.
Used memory in megabytes: 2,245522 
The runtime of method initializeBook() is 195 ms

BOOK TITLE: War and Peace
BOOK GENRE: Novel
AUTHOR NAME: Leo Tolstoy
YEAR OF PUBLISHING: 1867

BOOK TITLE: Harry Potter and the Philosopher's Stone
BOOK GENRE: Fantasy
AUTHOR NAME: J. K. Rowling
YEAR OF PUBLISHING: 1997

BOOK TITLE: Unknown
BOOK GENRE: Unknown
AUTHOR NAME: Unknown
YEAR OF PUBLISHING: 0

createBooks has executed.
Used memory in megabytes: 2,245720 
The runtime of method createBooks() is 311 ms

GOOGLE GSON SERIALIZATION
BOOK #1
{"title":"War and Peace","genre":"Novel","authorName":"Leo Tolstoy","year":1867}
BOOK #2
{"title":"Harry Potter and the Philosopher\u0027s Stone","genre":"Fantasy","authorName":"J. K. Rowling","year":1997}
BOOK #3
{"title":"Unknown","genre":"Unknown","authorName":"Unknown","year":0}

convertToJSON has executed.
Used memory in megabytes: 2,575264 
The runtime of method convertToJSON() is 35 ms

]]></system-out>
  <system-err><![CDATA[]]></system-err>
</testsuite>
