<?xml version="1.0" encoding="UTF-8"?>
<testsuite name="testing.MetricsTest" tests="2" skipped="0" failures="0" errors="0" timestamp="2017-10-29T08:27:27" hostname="Simple-and-Nice" time="0.047">
  <properties/>
  <testcase name="printMethodName" classname="testing.MetricsTest" time="0.001"/>
  <testcase name="gatherPerformance" classname="testing.MetricsTest" time="0.046"/>
  <system-out><![CDATA[]]></system-out>
  <system-err><![CDATA[]]></system-err>
</testsuite>
