<?xml version="1.0" encoding="UTF-8"?>
<testsuite name="testing.JacksonMappingTest" tests="2" skipped="0" failures="0" errors="0" timestamp="2017-10-29T08:27:26" hostname="Simple-and-Nice" time="1.146">
  <properties/>
  <testcase name="convertFromJSON" classname="testing.JacksonMappingTest" time="0.942"/>
  <testcase name="convertToJSON" classname="testing.JacksonMappingTest" time="0.03"/>
  <system-out><![CDATA[initializeBook has executed.
Used memory in megabytes: 2,328468 
The runtime of method initializeBook() is 220 ms

initializeBook has executed.
Used memory in megabytes: 2,284492 
The runtime of method initializeBook() is 115 ms

BOOK TITLE: War and Peace
BOOK GENRE: Novel
AUTHOR NAME: Leo Tolstoy
YEAR OF PUBLISHING: 1867

BOOK TITLE: Harry Potter and the Philosopher's Stone
BOOK GENRE: Fantasy
AUTHOR NAME: J. K. Rowling
YEAR OF PUBLISHING: 1997

BOOK TITLE: Unknown
BOOK GENRE: Unknown
AUTHOR NAME: Unknown
YEAR OF PUBLISHING: 0

createBooks has executed.
Used memory in megabytes: 2,284523 
The runtime of method createBooks() is 509 ms

JACKSON SERIALIZATION
BOOK #1
{"title":"War and Peace","genre":"Novel","authorName":"Leo Tolstoy","year":1867}
BOOK #2
{"title":"Harry Potter and the Philosopher's Stone","genre":"Fantasy","authorName":"J. K. Rowling","year":1997}
BOOK #3
{"title":"Unknown","genre":"Unknown","authorName":"Unknown","year":0}

convertToJSON has executed.
Used memory in megabytes: 3,484344 
The runtime of method convertToJSON() is 723 ms

JACKSON SERIALIZATION
BOOK #1
{"title":"War and Peace","genre":"Novel","authorName":"Leo Tolstoy","year":1867}
BOOK #2
{"title":"Harry Potter and the Philosopher's Stone","genre":"Fantasy","authorName":"J. K. Rowling","year":1997}
BOOK #3
{"title":"Unknown","genre":"Unknown","authorName":"Unknown","year":0}

convertToJSON has executed.
Used memory in megabytes: 2,621140 
The runtime of method convertToJSON() is 77 ms

JACKSON DESERIALIZATION

convertFromJSON has executed.
Used memory in megabytes: 3,407356 
The runtime of method convertFromJSON() is 140 ms

initializeBook has executed.
Used memory in megabytes: 2,680656 
The runtime of method initializeBook() is 79 ms

initializeBook has executed.
Used memory in megabytes: 3,104004 
The runtime of method initializeBook() is 12 ms

BOOK TITLE: War and Peace
BOOK GENRE: Novel
AUTHOR NAME: Leo Tolstoy
YEAR OF PUBLISHING: 1867

BOOK TITLE: Harry Potter and the Philosopher's Stone
BOOK GENRE: Fantasy
AUTHOR NAME: J. K. Rowling
YEAR OF PUBLISHING: 1997

BOOK TITLE: Unknown
BOOK GENRE: Unknown
AUTHOR NAME: Unknown
YEAR OF PUBLISHING: 0

createBooks has executed.
Used memory in megabytes: 2,680771 
The runtime of method createBooks() is 174 ms

JACKSON SERIALIZATION
BOOK #1
{"title":"War and Peace","genre":"Novel","authorName":"Leo Tolstoy","year":1867}
BOOK #2
{"title":"Harry Potter and the Philosopher's Stone","genre":"Fantasy","authorName":"J. K. Rowling","year":1997}
BOOK #3
{"title":"Unknown","genre":"Unknown","authorName":"Unknown","year":0}

convertToJSON has executed.
Used memory in megabytes: 2,693253 
The runtime of method convertToJSON() is 30 ms

]]></system-out>
  <system-err><![CDATA[]]></system-err>
</testsuite>
