<?xml version="1.0" encoding="UTF-8"?>
<testsuite name="testing.MainTest" tests="3" skipped="0" failures="0" errors="0" timestamp="2017-10-29T08:27:27" hostname="Simple-and-Nice" time="0.17">
  <properties/>
  <testcase name="printBooksInfo" classname="testing.MainTest" time="0.058"/>
  <testcase name="createBooks" classname="testing.MainTest" time="0.048"/>
  <testcase name="printBooksInfoFailed" classname="testing.MainTest" time="0.063"/>
  <system-out><![CDATA[]]></system-out>
  <system-err><![CDATA[]]></system-err>
</testsuite>
